\BOOKMARK [1][-]{section.1}{Introduction}{}% 1
\BOOKMARK [1][-]{section.2}{Caract\351ristique de l'apprentissage des pr\351f\351rences}{}% 2
\BOOKMARK [2][-]{subsection.2.1}{Les types de classement}{section.2}% 3
\BOOKMARK [3][-]{subsubsection.2.1.1}{Le classement de labels}{subsection.2.1}% 4
\BOOKMARK [3][-]{subsubsection.2.1.2}{Le classement d'instances}{subsection.2.1}% 5
\BOOKMARK [3][-]{subsubsection.2.1.3}{Classement d'objets}{subsection.2.1}% 6
\BOOKMARK [1][-]{section.3}{Les types de mod\350les de pr\351f\351rence}{}% 7
\BOOKMARK [2][-]{subsection.3.1}{Mod\350les de pr\351f\351rences quantitatifs}{section.3}% 8
\BOOKMARK [2][-]{subsection.3.2}{Mod\350les de pr\351f\351rence qualitatifs}{section.3}% 9
\BOOKMARK [3][-]{subsubsection.3.2.1}{Propri\351t\351s qui peuvent caract\351riser les relations binaires}{subsection.3.2}% 10
\BOOKMARK [3][-]{subsubsection.3.2.2}{Formulations rencontr\351s dans les mod\350les de pr\351f\351rence qualitatives}{subsection.3.2}% 11
\BOOKMARK [3][-]{subsubsection.3.2.3}{Compositions des mod\350les de pr\351f\351rences qualitatives}{subsection.3.2}% 12
\BOOKMARK [1][-]{section.4}{Mod\350les de pr\351f\351rence \340 base de r\350gles de pr\351f\351rence contextuelle}{}% 13
\BOOKMARK [2][-]{subsection.4.1}{Pr\351f\351rences utilisateur}{section.4}% 14
\BOOKMARK [1][-]{section.5}{Utilisation des motifs s\351quentiels dans le cadre des pr\351f\351rences contextuelles \(approche Sprex\)}{}% 15
\BOOKMARK [2][-]{subsection.5.1}{Repr\351sentation s\351quentielle des pr\351f\351rences}{section.5}% 16
\BOOKMARK [2][-]{subsection.5.2}{Description de la construction du profil de pr\351f\351rence par Sprex-Build}{section.5}% 17
\BOOKMARK [2][-]{subsection.5.3}{Description de l'approche utilis\351e pour la pr\351diction des pr\351f\351rences utiliateurs \(Sprex-Predict\)}{section.5}% 18
\BOOKMARK [1][-]{section.6}{Extraction des pr\351f\351rences contextuelles dans notre approche}{}% 19
\BOOKMARK [2][-]{subsection.6.1}{Formules de pr\351f\351rence suivant les travaux de CHO}{section.6}% 20
\BOOKMARK [2][-]{subsection.6.2}{Formules de pr\351f\351rence suivant notre approche}{section.6}% 21
\BOOKMARK [3][-]{subsubsection.6.2.1}{Itemsets de formules de pr\351f\351rence \351l\351mentaires}{subsection.6.2}% 22
\BOOKMARK [2][-]{subsection.6.3}{Construction du profil utilisateur}{section.6}% 23
\BOOKMARK [3][-]{subsubsection.6.3.1}{L'algorithme InterestingRules}{subsection.6.3}% 24
\BOOKMARK [2][-]{subsection.6.4}{Exemple d'extraction des r\350gles de pr\351f\351rence}{section.6}% 25
\BOOKMARK [3][-]{subsubsection.6.4.1}{Cas o\371 le sch\351mas relationnel a des attributs num\351riques et symboliques}{subsection.6.4}% 26
\BOOKMARK [2][-]{subsection.6.5}{Determination des itemsets interressants minimaux avec supmin=2 et confmin=0.5}{section.6}% 27
\BOOKMARK [2][-]{subsection.6.6}{Pr\351diction des pr\351f\351rences utilisateur}{section.6}% 28
\BOOKMARK [1][-]{section.7}{Evaluations exp\351rimentales}{}% 29
\BOOKMARK [2][-]{subsection.7.1}{Interpr\351tation}{section.7}% 30
\BOOKMARK [1][-]{section.8}{Conclusion}{}% 31
